<?xml version="1.0" encoding="UTF-8"?>
<beans xmlns="http://www.springframework.org/schema/beans"
	xmlns:xsi="http://www.w3.org/2001/XMLSchema-instance" xmlns:context="http://www.springframework.org/schema/context"
	xmlns:tx="http://www.springframework.org/schema/tx" xmlns:p="http://www.springframework.org/schema/p"
	xmlns:jee="http://www.springframework.org/schema/jee" xmlns:jdbc="http://www.springframework.org/schema/jdbc"
	xsi:schemaLocation="http://www.springframework.org/schema/beans http://www.springframework.org/schema/beans/spring-beans-3.0.xsd
		http://www.springframework.org/schema/tx http://www.springframework.org/schema/tx/spring-tx-3.0.xsd
		http://www.springframework.org/schema/context http://www.springframework.org/schema/context/spring-context-3.0.xsd
		http://www.springframework.org/schema/jee http://www.springframework.org/schema/jee/spring-jee-3.0.xsd
		http://www.springframework.org/schema/jdbc http://www.springframework.org/schema/jdbc/spring-jdbc.xsd">

	<context:annotation-config />
	<context:component-scan base-package="br.edu.ifpb.screamtool" />

	<bean id="dataSource"
		class="org.springframework.jdbc.datasource.DriverManagerDataSource">
		<property name="driverClassName" value="org.hsqldb.jdbcDriver" />
		<property name="url" value="jdbc:hsqldb:mem:paging" />
		<property name="username" value="sa" />
		<property name="password" value="" />
	</bean>

	<!-- PERSISTANCE UNIT MANAGER -->
	<bean id="persistenceUnitManager"
		class="org.springframework.orm.jpa.persistenceunit.DefaultPersistenceUnitManager">
		<property name="persistenceXmlLocations" value="classpath*:META-INF/persistence.xml" />
		<!-- if no datasource is specified, use this one -->
		<property name="defaultDataSource" ref="dataSource" />
	</bean>
	
	<bean id="transactionManager" class="org.springframework.orm.jpa.JpaTransactionManager"
		p:entity-manager-factory-ref="entityManagerFactory" />

	<!-- ENTITYMANAGER -->
	<bean id="entityManagerFactory"
		class="org.springframework.orm.jpa.LocalContainerEntityManagerFactoryBean">
		<property name="persistenceUnitManager" ref="persistenceUnitManager" />
		<property name="jpaVendorAdapter">
			<bean id="jpaAdapter"
				class="org.springframework.orm.jpa.vendor.HibernateJpaVendorAdapter">
				<property name="generateDdl" value="false" />
				<property name="databasePlatform" value="org.hibernate.dialect.HSQLDialect" />
				<property name="showSql" value="true" />
			</bean>
		</property>
		<property name="persistenceUnitName" value="screamtool" />
	</bean>
	
	<jdbc:initialize-database data-source="dataSource">
		<jdbc:script location="classpath:db/testddl.sql" />
	</jdbc:initialize-database>

</beans>
